{"/home/mueller/Projects/buzzvel/quickcard/frontend/src/App.tsx": {"path":"/home/mueller/Projects/buzzvel/quickcard/frontend/src/App.tsx","statementMap":{"0":{"start":{"line":1,"column":0},"end":{"line":1,"column":73}},"1":{"start":{"line":2,"column":0},"end":{"line":2,"column":61}},"2":{"start":{"line":3,"column":0},"end":{"line":3,"column":61}},"3":{"start":{"line":7,"column":1},"end":{"line":17,"column":null}},"4":{"start":{"line":20,"column":0},"end":{"line":20,"column":null}}},"fnMap":{"0":{"name":"App","decl":{"start":{"line":6,"column":9},"end":{"line":6,"column":12}},"loc":{"start":{"line":6,"column":12},"end":{"line":18,"column":1}}}},"branchMap":{},"s":{"0":0,"1":0,"2":0,"3":0,"4":0},"f":{"0":0},"b":{}}
,"/home/mueller/Projects/buzzvel/quickcard/frontend/src/main.tsx": {"path":"/home/mueller/Projects/buzzvel/quickcard/frontend/src/main.tsx","statementMap":{"0":{"start":{"line":1,"column":0},"end":{"line":1,"column":25}},"1":{"start":{"line":2,"column":0},"end":{"line":2,"column":39}},"2":{"start":{"line":3,"column":0},"end":{"line":3,"column":23}},"3":{"start":{"line":4,"column":0},"end":{"line":4,"column":49}},"4":{"start":{"line":5,"column":0},"end":{"line":5,"column":74}},"5":{"start":{"line":6,"column":0},"end":{"line":6,"column":52}},"6":{"start":{"line":7,"column":0},"end":{"line":7,"column":49}},"7":{"start":{"line":8,"column":0},"end":{"line":8,"column":21}},"8":{"start":{"line":10,"column":0},"end":{"line":20,"column":null}}},"fnMap":{},"branchMap":{},"s":{"0":0,"1":0,"2":0,"3":0,"4":0,"5":0,"6":0,"7":0,"8":0},"f":{},"b":{}}
,"/home/mueller/Projects/buzzvel/quickcard/frontend/src/components/CircularSpinner/CircularSpinnerComponent.tsx": {"path":"/home/mueller/Projects/buzzvel/quickcard/frontend/src/components/CircularSpinner/CircularSpinnerComponent.tsx","statementMap":{"0":{"start":{"line":1,"column":40},"end":{"line":68,"column":1}},"1":{"start":{"line":2,"column":1},"end":{"line":67,"column":null}},"2":{"start":{"line":1,"column":13},"end":{"line":1,"column":40}}},"fnMap":{"0":{"name":"(anonymous_0)","decl":{"start":{"line":1,"column":40},"end":{"line":1,"column":43}},"loc":{"start":{"line":1,"column":45},"end":{"line":68,"column":1}}}},"branchMap":{},"s":{"0":2,"1":2,"2":2},"f":{"0":2},"b":{}}
,"/home/mueller/Projects/buzzvel/quickcard/frontend/src/components/CircularSpinner/index.tsx": {"path":"/home/mueller/Projects/buzzvel/quickcard/frontend/src/components/CircularSpinner/index.tsx","statementMap":{"0":{"start":{"line":1,"column":0},"end":{"line":1,"column":69}},"1":{"start":{"line":2,"column":0},"end":{"line":2,"column":null}}},"fnMap":{},"branchMap":{},"s":{"0":2,"1":2},"f":{},"b":{}}
,"/home/mueller/Projects/buzzvel/quickcard/frontend/src/components/FooterSocialButtons/FooterSocialButtonsComponent.tsx": {"path":"/home/mueller/Projects/buzzvel/quickcard/frontend/src/components/FooterSocialButtons/FooterSocialButtonsComponent.tsx","statementMap":{"0":{"start":{"line":1,"column":0},"end":{"line":1,"column":51}},"1":{"start":{"line":2,"column":0},"end":{"line":2,"column":53}},"2":{"start":{"line":10,"column":84},"end":{"line":37,"column":1}},"3":{"start":{"line":11,"column":1},"end":{"line":36,"column":null}},"4":{"start":{"line":19,"column":21},"end":{"line":19,"column":53}},"5":{"start":{"line":29,"column":21},"end":{"line":29,"column":55}},"6":{"start":{"line":10,"column":13},"end":{"line":10,"column":84}}},"fnMap":{"0":{"name":"(anonymous_0)","decl":{"start":{"line":10,"column":84},"end":{"line":10,"column":85}},"loc":{"start":{"line":10,"column":126},"end":{"line":37,"column":1}}},"1":{"name":"(anonymous_1)","decl":{"start":{"line":19,"column":15},"end":{"line":19,"column":18}},"loc":{"start":{"line":19,"column":21},"end":{"line":19,"column":53}}},"2":{"name":"(anonymous_2)","decl":{"start":{"line":29,"column":15},"end":{"line":29,"column":18}},"loc":{"start":{"line":29,"column":21},"end":{"line":29,"column":55}}}},"branchMap":{},"s":{"0":1,"1":1,"2":1,"3":2,"4":1,"5":1,"6":1},"f":{"0":2,"1":1,"2":1},"b":{}}
,"/home/mueller/Projects/buzzvel/quickcard/frontend/src/components/FooterSocialButtons/index.tsx": {"path":"/home/mueller/Projects/buzzvel/quickcard/frontend/src/components/FooterSocialButtons/index.tsx","statementMap":{"0":{"start":{"line":1,"column":0},"end":{"line":1,"column":77}},"1":{"start":{"line":2,"column":0},"end":{"line":2,"column":null}}},"fnMap":{},"branchMap":{},"s":{"0":1,"1":1},"f":{},"b":{}}
,"/home/mueller/Projects/buzzvel/quickcard/frontend/src/components/FormQRGenerator/FormQRGeneratorComponent.tsx": {"path":"/home/mueller/Projects/buzzvel/quickcard/frontend/src/components/FormQRGenerator/FormQRGeneratorComponent.tsx","statementMap":{"0":{"start":{"line":1,"column":0},"end":{"line":1,"column":null}},"1":{"start":{"line":13,"column":0},"end":{"line":13,"column":41}},"2":{"start":{"line":14,"column":0},"end":{"line":14,"column":80}},"3":{"start":{"line":15,"column":0},"end":{"line":15,"column":30}},"4":{"start":{"line":16,"column":0},"end":{"line":16,"column":63}},"5":{"start":{"line":17,"column":0},"end":{"line":17,"column":49}},"6":{"start":{"line":19,"column":40},"end":{"line":157,"column":1}},"7":{"start":{"line":27,"column":5},"end":{"line":27,"column":32}},"8":{"start":{"line":29,"column":20},"end":{"line":29,"column":32}},"9":{"start":{"line":31,"column":1},"end":{"line":156,"column":null}},"10":{"start":{"line":50,"column":5},"end":{"line":50,"column":null}},"11":{"start":{"line":51,"column":5},"end":{"line":51,"column":null}},"12":{"start":{"line":127,"column":8},"end":{"line":131,"column":null}},"13":{"start":{"line":19,"column":13},"end":{"line":19,"column":40}}},"fnMap":{"0":{"name":"(anonymous_0)","decl":{"start":{"line":19,"column":40},"end":{"line":19,"column":43}},"loc":{"start":{"line":19,"column":45},"end":{"line":157,"column":1}}},"1":{"name":"(anonymous_1)","decl":{"start":{"line":49,"column":14},"end":{"line":49,"column":15}},"loc":{"start":{"line":49,"column":20},"end":{"line":52,"column":5}}},"2":{"name":"(anonymous_2)","decl":{"start":{"line":126,"column":36},"end":{"line":126,"column":37}},"loc":{"start":{"line":126,"column":54},"end":{"line":132,"column":8}}}},"branchMap":{"0":{"loc":{"start":{"line":33,"column":4},"end":{"line":37,"column":null}},"type":"binary-expr","locations":[{"start":{"line":33,"column":4},"end":{"line":33,"column":18}},{"start":{"line":34,"column":4},"end":{"line":36,"column":null}}]},"1":{"loc":{"start":{"line":40,"column":4},"end":{"line":44,"column":null}},"type":"binary-expr","locations":[{"start":{"line":40,"column":4},"end":{"line":40,"column":18}},{"start":{"line":40,"column":22},"end":{"line":40,"column":44}},{"start":{"line":41,"column":4},"end":{"line":42,"column":null}}]}},"s":{"0":1,"1":1,"2":1,"3":1,"4":1,"5":1,"6":1,"7":1,"8":1,"9":1,"10":0,"11":0,"12":21,"13":1},"f":{"0":1,"1":0,"2":21},"b":{"0":[1,0],"1":[1,1,0]}}
,"/home/mueller/Projects/buzzvel/quickcard/frontend/src/components/FormQRGenerator/index.tsx": {"path":"/home/mueller/Projects/buzzvel/quickcard/frontend/src/components/FormQRGenerator/index.tsx","statementMap":{"0":{"start":{"line":1,"column":0},"end":{"line":1,"column":69}},"1":{"start":{"line":2,"column":0},"end":{"line":2,"column":null}}},"fnMap":{},"branchMap":{},"s":{"0":1,"1":1},"f":{},"b":{}}
,"/home/mueller/Projects/buzzvel/quickcard/frontend/src/components/Logo/LogoComponent.tsx": {"path":"/home/mueller/Projects/buzzvel/quickcard/frontend/src/components/Logo/LogoComponent.tsx","statementMap":{"0":{"start":{"line":1,"column":29},"end":{"line":13,"column":1}},"1":{"start":{"line":2,"column":4},"end":{"line":12,"column":null}},"2":{"start":{"line":1,"column":13},"end":{"line":1,"column":29}}},"fnMap":{"0":{"name":"(anonymous_0)","decl":{"start":{"line":1,"column":29},"end":{"line":1,"column":32}},"loc":{"start":{"line":1,"column":34},"end":{"line":13,"column":1}}}},"branchMap":{},"s":{"0":3,"1":6,"2":3},"f":{"0":6},"b":{}}
,"/home/mueller/Projects/buzzvel/quickcard/frontend/src/components/Logo/index.tsx": {"path":"/home/mueller/Projects/buzzvel/quickcard/frontend/src/components/Logo/index.tsx","statementMap":{"0":{"start":{"line":1,"column":0},"end":{"line":1,"column":47}},"1":{"start":{"line":2,"column":0},"end":{"line":2,"column":null}}},"fnMap":{},"branchMap":{},"s":{"0":3,"1":3},"f":{},"b":{}}
,"/home/mueller/Projects/buzzvel/quickcard/frontend/src/components/MainBanner/MainBannerComponent.tsx": {"path":"/home/mueller/Projects/buzzvel/quickcard/frontend/src/components/MainBanner/MainBannerComponent.tsx","statementMap":{"0":{"start":{"line":1,"column":0},"end":{"line":1,"column":57}},"1":{"start":{"line":2,"column":0},"end":{"line":2,"column":49}},"2":{"start":{"line":4,"column":35},"end":{"line":11,"column":1}},"3":{"start":{"line":5,"column":1},"end":{"line":10,"column":null}},"4":{"start":{"line":4,"column":13},"end":{"line":4,"column":35}}},"fnMap":{"0":{"name":"(anonymous_0)","decl":{"start":{"line":4,"column":35},"end":{"line":4,"column":38}},"loc":{"start":{"line":4,"column":40},"end":{"line":11,"column":1}}}},"branchMap":{},"s":{"0":1,"1":1,"2":1,"3":1,"4":1},"f":{"0":1},"b":{}}
,"/home/mueller/Projects/buzzvel/quickcard/frontend/src/components/MainBanner/index.tsx": {"path":"/home/mueller/Projects/buzzvel/quickcard/frontend/src/components/MainBanner/index.tsx","statementMap":{"0":{"start":{"line":1,"column":0},"end":{"line":1,"column":59}},"1":{"start":{"line":2,"column":0},"end":{"line":2,"column":null}}},"fnMap":{},"branchMap":{},"s":{"0":1,"1":1},"f":{},"b":{}}
,"/home/mueller/Projects/buzzvel/quickcard/frontend/src/components/MobileFrame/MobileFrameComponent.tsx": {"path":"/home/mueller/Projects/buzzvel/quickcard/frontend/src/components/MobileFrame/MobileFrameComponent.tsx","statementMap":{"0":{"start":{"line":1,"column":0},"end":{"line":1,"column":41}},"1":{"start":{"line":2,"column":0},"end":{"line":2,"column":80}},"2":{"start":{"line":3,"column":0},"end":{"line":3,"column":35}},"3":{"start":{"line":4,"column":0},"end":{"line":4,"column":52}},"4":{"start":{"line":6,"column":36},"end":{"line":67,"column":1}},"5":{"start":{"line":8,"column":22},"end":{"line":8,"column":49}},"6":{"start":{"line":10,"column":1},"end":{"line":66,"column":null}},"7":{"start":{"line":6,"column":13},"end":{"line":6,"column":36}}},"fnMap":{"0":{"name":"(anonymous_0)","decl":{"start":{"line":6,"column":36},"end":{"line":6,"column":39}},"loc":{"start":{"line":6,"column":41},"end":{"line":67,"column":1}}}},"branchMap":{"0":{"loc":{"start":{"line":29,"column":13},"end":{"line":29,"column":86}},"type":"cond-expr","locations":[{"start":{"line":29,"column":48},"end":{"line":29,"column":65}},{"start":{"line":29,"column":68},"end":{"line":29,"column":86}}]},"1":{"loc":{"start":{"line":29,"column":14},"end":{"line":29,"column":44}},"type":"binary-expr","locations":[{"start":{"line":29,"column":14},"end":{"line":29,"column":22}},{"start":{"line":29,"column":26},"end":{"line":29,"column":44}}]}},"s":{"0":2,"1":2,"2":2,"3":2,"4":2,"5":5,"6":5,"7":2},"f":{"0":5},"b":{"0":[4,1],"1":[5,4]}}
,"/home/mueller/Projects/buzzvel/quickcard/frontend/src/components/MobileFrame/index.tsx": {"path":"/home/mueller/Projects/buzzvel/quickcard/frontend/src/components/MobileFrame/index.tsx","statementMap":{"0":{"start":{"line":1,"column":0},"end":{"line":1,"column":61}},"1":{"start":{"line":2,"column":0},"end":{"line":2,"column":null}}},"fnMap":{},"branchMap":{},"s":{"0":2,"1":2},"f":{},"b":{}}
,"/home/mueller/Projects/buzzvel/quickcard/frontend/src/components/QuickCardImageHtml/QuickCardImageHtmlComponent.tsx": {"path":"/home/mueller/Projects/buzzvel/quickcard/frontend/src/components/QuickCardImageHtml/QuickCardImageHtmlComponent.tsx","statementMap":{"0":{"start":{"line":1,"column":0},"end":{"line":1,"column":80}},"1":{"start":{"line":2,"column":0},"end":{"line":2,"column":51}},"2":{"start":{"line":3,"column":0},"end":{"line":3,"column":72}},"3":{"start":{"line":5,"column":43},"end":{"line":123,"column":1}},"4":{"start":{"line":6,"column":57},"end":{"line":6,"column":84}},"5":{"start":{"line":8,"column":1},"end":{"line":10,"column":null}},"6":{"start":{"line":9,"column":2},"end":{"line":9,"column":null}},"7":{"start":{"line":12,"column":1},"end":{"line":20,"column":null}},"8":{"start":{"line":13,"column":2},"end":{"line":19,"column":null}},"9":{"start":{"line":14,"column":22},"end":{"line":14,"column":60}},"10":{"start":{"line":15,"column":3},"end":{"line":18,"column":null}},"11":{"start":{"line":16,"column":4},"end":{"line":16,"column":null}},"12":{"start":{"line":17,"column":4},"end":{"line":17,"column":null}},"13":{"start":{"line":22,"column":20},"end":{"line":22,"column":32}},"14":{"start":{"line":24,"column":27},"end":{"line":24,"column":44}},"15":{"start":{"line":25,"column":29},"end":{"line":25,"column":46}},"16":{"start":{"line":27,"column":1},"end":{"line":122,"column":null}},"17":{"start":{"line":5,"column":13},"end":{"line":5,"column":43}}},"fnMap":{"0":{"name":"(anonymous_0)","decl":{"start":{"line":5,"column":43},"end":{"line":5,"column":46}},"loc":{"start":{"line":5,"column":48},"end":{"line":123,"column":1}}},"1":{"name":"(anonymous_1)","decl":{"start":{"line":8,"column":11},"end":{"line":8,"column":14}},"loc":{"start":{"line":8,"column":16},"end":{"line":10,"column":2}}},"2":{"name":"(anonymous_2)","decl":{"start":{"line":12,"column":11},"end":{"line":12,"column":14}},"loc":{"start":{"line":12,"column":16},"end":{"line":20,"column":2}}}},"branchMap":{"0":{"loc":{"start":{"line":13,"column":2},"end":{"line":19,"column":null}},"type":"if","locations":[{"start":{"line":13,"column":2},"end":{"line":19,"column":null}}]},"1":{"loc":{"start":{"line":15,"column":3},"end":{"line":18,"column":null}},"type":"if","locations":[{"start":{"line":15,"column":3},"end":{"line":18,"column":null}}]},"2":{"loc":{"start":{"line":101,"column":6},"end":{"line":101,"column":36}},"type":"binary-expr","locations":[{"start":{"line":101,"column":6},"end":{"line":101,"column":14}},{"start":{"line":101,"column":18},"end":{"line":101,"column":36}}]},"3":{"loc":{"start":{"line":117,"column":7},"end":{"line":117,"column":75}},"type":"binary-expr","locations":[{"start":{"line":117,"column":7},"end":{"line":117,"column":25}},{"start":{"line":117,"column":29},"end":{"line":117,"column":75}}]}},"s":{"0":1,"1":1,"2":1,"3":1,"4":1,"5":1,"6":1,"7":1,"8":1,"9":0,"10":0,"11":0,"12":0,"13":1,"14":1,"15":1,"16":1,"17":1},"f":{"0":1,"1":1,"2":1},"b":{"0":[0],"1":[0],"2":[1,1],"3":[1,1]}}
,"/home/mueller/Projects/buzzvel/quickcard/frontend/src/components/QuickCardImageHtml/index.tsx": {"path":"/home/mueller/Projects/buzzvel/quickcard/frontend/src/components/QuickCardImageHtml/index.tsx","statementMap":{"0":{"start":{"line":1,"column":0},"end":{"line":1,"column":75}},"1":{"start":{"line":2,"column":0},"end":{"line":2,"column":null}}},"fnMap":{},"branchMap":{},"s":{"0":1,"1":1},"f":{},"b":{}}
,"/home/mueller/Projects/buzzvel/quickcard/frontend/src/components/QuickCardProfile/QuickCardProfileErrorComponent.tsx": {"path":"/home/mueller/Projects/buzzvel/quickcard/frontend/src/components/QuickCardProfile/QuickCardProfileErrorComponent.tsx","statementMap":{"0":{"start":{"line":1,"column":0},"end":{"line":1,"column":81}},"1":{"start":{"line":3,"column":46},"end":{"line":29,"column":1}},"2":{"start":{"line":4,"column":1},"end":{"line":28,"column":null}},"3":{"start":{"line":3,"column":13},"end":{"line":3,"column":46}}},"fnMap":{"0":{"name":"(anonymous_0)","decl":{"start":{"line":3,"column":46},"end":{"line":3,"column":49}},"loc":{"start":{"line":3,"column":51},"end":{"line":29,"column":1}}}},"branchMap":{},"s":{"0":0,"1":0,"2":0,"3":0},"f":{"0":0},"b":{}}
,"/home/mueller/Projects/buzzvel/quickcard/frontend/src/components/QuickCardProfile/index.tsx": {"path":"/home/mueller/Projects/buzzvel/quickcard/frontend/src/components/QuickCardProfile/index.tsx","statementMap":{"0":{"start":{"line":1,"column":0},"end":{"line":1,"column":71}},"1":{"start":{"line":2,"column":0},"end":{"line":2,"column":null}}},"fnMap":{},"branchMap":{},"s":{"0":0,"1":0},"f":{},"b":{}}
,"/home/mueller/Projects/buzzvel/quickcard/frontend/src/constants/devices.ts": {"path":"/home/mueller/Projects/buzzvel/quickcard/frontend/src/constants/devices.ts","statementMap":{"0":{"start":{"line":12,"column":13},"end":{"line":34,"column":null}}},"fnMap":{},"branchMap":{},"s":{"0":1},"f":{},"b":{}}
,"/home/mueller/Projects/buzzvel/quickcard/frontend/src/context/FormQRGeneratorContext.tsx": {"path":"/home/mueller/Projects/buzzvel/quickcard/frontend/src/context/FormQRGeneratorContext.tsx","statementMap":{"0":{"start":{"line":1,"column":0},"end":{"line":1,"column":70}},"1":{"start":{"line":2,"column":0},"end":{"line":2,"column":53}},"2":{"start":{"line":3,"column":0},"end":{"line":3,"column":68}},"3":{"start":{"line":4,"column":0},"end":{"line":4,"column":61}},"4":{"start":{"line":43,"column":31},"end":{"line":44,"column":null}},"5":{"start":{"line":47,"column":41},"end":{"line":47,"column":108}},"6":{"start":{"line":47,"column":74},"end":{"line":47,"column":108}},"7":{"start":{"line":47,"column":13},"end":{"line":47,"column":41}},"8":{"start":{"line":49,"column":39},"end":{"line":115,"column":1}},"9":{"start":{"line":50,"column":35},"end":{"line":50,"column":59}},"10":{"start":{"line":51,"column":45},"end":{"line":52,"column":null}},"11":{"start":{"line":54,"column":45},"end":{"line":54,"column":65}},"12":{"start":{"line":55,"column":33},"end":{"line":55,"column":61}},"13":{"start":{"line":56,"column":53},"end":{"line":56,"column":73}},"14":{"start":{"line":57,"column":37},"end":{"line":57,"column":88}},"15":{"start":{"line":59,"column":22},"end":{"line":67,"column":2}},"16":{"start":{"line":60,"column":26},"end":{"line":60,"column":38}},"17":{"start":{"line":61,"column":2},"end":{"line":64,"column":null}},"18":{"start":{"line":61,"column":30},"end":{"line":64,"column":4}},"19":{"start":{"line":66,"column":2},"end":{"line":66,"column":null}},"20":{"start":{"line":69,"column":21},"end":{"line":72,"column":2}},"21":{"start":{"line":70,"column":2},"end":{"line":70,"column":null}},"22":{"start":{"line":71,"column":2},"end":{"line":71,"column":null}},"23":{"start":{"line":74,"column":32},"end":{"line":91,"column":2}},"24":{"start":{"line":75,"column":2},"end":{"line":75,"column":null}},"25":{"start":{"line":76,"column":2},"end":{"line":76,"column":null}},"26":{"start":{"line":77,"column":2},"end":{"line":88,"column":null}},"27":{"start":{"line":78,"column":3},"end":{"line":78,"column":null}},"28":{"start":{"line":79,"column":30},"end":{"line":79,"column":71}},"29":{"start":{"line":81,"column":3},"end":{"line":81,"column":null}},"30":{"start":{"line":83,"column":3},"end":{"line":83,"column":null}},"31":{"start":{"line":85,"column":3},"end":{"line":85,"column":null}},"32":{"start":{"line":87,"column":3},"end":{"line":87,"column":null}},"33":{"start":{"line":90,"column":2},"end":{"line":90,"column":null}},"34":{"start":{"line":93,"column":1},"end":{"line":97,"column":null}},"35":{"start":{"line":94,"column":2},"end":{"line":96,"column":null}},"36":{"start":{"line":95,"column":3},"end":{"line":95,"column":null}},"37":{"start":{"line":99,"column":1},"end":{"line":114,"column":null}},"38":{"start":{"line":49,"column":13},"end":{"line":49,"column":39}}},"fnMap":{"0":{"name":"(anonymous_0)","decl":{"start":{"line":47,"column":41},"end":{"line":47,"column":71}},"loc":{"start":{"line":47,"column":74},"end":{"line":47,"column":108}}},"1":{"name":"(anonymous_1)","decl":{"start":{"line":49,"column":39},"end":{"line":49,"column":40}},"loc":{"start":{"line":49,"column":77},"end":{"line":115,"column":1}}},"2":{"name":"(anonymous_2)","decl":{"start":{"line":59,"column":22},"end":{"line":59,"column":23}},"loc":{"start":{"line":59,"column":89},"end":{"line":67,"column":2}}},"3":{"name":"(anonymous_3)","decl":{"start":{"line":61,"column":14},"end":{"line":61,"column":15}},"loc":{"start":{"line":61,"column":30},"end":{"line":64,"column":4}}},"4":{"name":"(anonymous_4)","decl":{"start":{"line":69,"column":21},"end":{"line":69,"column":24}},"loc":{"start":{"line":69,"column":26},"end":{"line":72,"column":2}}},"5":{"name":"(anonymous_5)","decl":{"start":{"line":74,"column":32},"end":{"line":74,"column":37}},"loc":{"start":{"line":74,"column":65},"end":{"line":91,"column":2}}},"6":{"name":"(anonymous_6)","decl":{"start":{"line":93,"column":11},"end":{"line":93,"column":14}},"loc":{"start":{"line":93,"column":16},"end":{"line":97,"column":2}}}},"branchMap":{"0":{"loc":{"start":{"line":94,"column":2},"end":{"line":96,"column":null}},"type":"if","locations":[{"start":{"line":94,"column":2},"end":{"line":96,"column":null}}]},"1":{"loc":{"start":{"line":94,"column":6},"end":{"line":94,"column":59}},"type":"binary-expr","locations":[{"start":{"line":94,"column":6},"end":{"line":94,"column":24}},{"start":{"line":94,"column":28},"end":{"line":94,"column":45}},{"start":{"line":94,"column":49},"end":{"line":94,"column":59}}]}},"s":{"0":1,"1":1,"2":1,"3":1,"4":1,"5":1,"6":1,"7":1,"8":1,"9":0,"10":0,"11":0,"12":0,"13":0,"14":0,"15":0,"16":0,"17":0,"18":0,"19":0,"20":0,"21":0,"22":0,"23":0,"24":0,"25":0,"26":0,"27":0,"28":0,"29":0,"30":0,"31":0,"32":0,"33":0,"34":0,"35":0,"36":0,"37":0,"38":1},"f":{"0":1,"1":0,"2":0,"3":0,"4":0,"5":0,"6":0},"b":{"0":[0],"1":[0,0,0]}}
,"/home/mueller/Projects/buzzvel/quickcard/frontend/src/pages/GenerateQuickCard.tsx": {"path":"/home/mueller/Projects/buzzvel/quickcard/frontend/src/pages/GenerateQuickCard.tsx","statementMap":{"0":{"start":{"line":1,"column":0},"end":{"line":1,"column":46}},"1":{"start":{"line":2,"column":0},"end":{"line":2,"column":68}},"2":{"start":{"line":3,"column":0},"end":{"line":3,"column":58}},"3":{"start":{"line":6,"column":2},"end":{"line":32,"column":null}},"4":{"start":{"line":5,"column":0},"end":{"line":5,"column":16}}},"fnMap":{"0":{"name":"GenerateQuickCard","decl":{"start":{"line":5,"column":16},"end":{"line":5,"column":33}},"loc":{"start":{"line":5,"column":33},"end":{"line":33,"column":1}}}},"branchMap":{},"s":{"0":0,"1":0,"2":0,"3":0,"4":0},"f":{"0":0},"b":{}}
,"/home/mueller/Projects/buzzvel/quickcard/frontend/src/pages/ShowUserQuickCard.tsx": {"path":"/home/mueller/Projects/buzzvel/quickcard/frontend/src/pages/ShowUserQuickCard.tsx","statementMap":{"0":{"start":{"line":1,"column":0},"end":{"line":1,"column":70}},"1":{"start":{"line":3,"column":33},"end":{"line":9,"column":1}},"2":{"start":{"line":4,"column":2},"end":{"line":8,"column":null}},"3":{"start":{"line":3,"column":13},"end":{"line":3,"column":33}}},"fnMap":{"0":{"name":"(anonymous_0)","decl":{"start":{"line":3,"column":33},"end":{"line":3,"column":36}},"loc":{"start":{"line":3,"column":38},"end":{"line":9,"column":1}}}},"branchMap":{},"s":{"0":0,"1":0,"2":0,"3":0},"f":{"0":0},"b":{}}
,"/home/mueller/Projects/buzzvel/quickcard/frontend/src/services/apiErrorHandler.ts": {"path":"/home/mueller/Projects/buzzvel/quickcard/frontend/src/services/apiErrorHandler.ts","statementMap":{"0":{"start":{"line":1,"column":0},"end":{"line":1,"column":34}},"1":{"start":{"line":4,"column":31},"end":{"line":15,"column":1}},"2":{"start":{"line":5,"column":2},"end":{"line":14,"column":null}},"3":{"start":{"line":6,"column":4},"end":{"line":6,"column":null}},"4":{"start":{"line":8,"column":52},"end":{"line":12,"column":null}},"5":{"start":{"line":13,"column":4},"end":{"line":13,"column":null}},"6":{"start":{"line":4,"column":13},"end":{"line":4,"column":31}}},"fnMap":{"0":{"name":"(anonymous_0)","decl":{"start":{"line":4,"column":31},"end":{"line":4,"column":32}},"loc":{"start":{"line":4,"column":114},"end":{"line":15,"column":1}}}},"branchMap":{"0":{"loc":{"start":{"line":5,"column":2},"end":{"line":14,"column":null}},"type":"if","locations":[{"start":{"line":5,"column":2},"end":{"line":14,"column":null}},{"start":{"line":7,"column":9},"end":{"line":14,"column":null}}]},"1":{"loc":{"start":{"line":5,"column":6},"end":{"line":5,"column":97}},"type":"binary-expr","locations":[{"start":{"line":5,"column":6},"end":{"line":5,"column":33}},{"start":{"line":5,"column":37},"end":{"line":5,"column":56}},{"start":{"line":5,"column":60},"end":{"line":5,"column":74}},{"start":{"line":5,"column":78},"end":{"line":5,"column":97}}]}},"s":{"0":1,"1":1,"2":0,"3":0,"4":0,"5":0,"6":1},"f":{"0":0},"b":{"0":[0,0],"1":[0,0,0,0]}}
,"/home/mueller/Projects/buzzvel/quickcard/frontend/src/services/backendApi.ts": {"path":"/home/mueller/Projects/buzzvel/quickcard/frontend/src/services/backendApi.ts","statementMap":{"0":{"start":{"line":1,"column":0},"end":{"line":1,"column":25}},"1":{"start":{"line":3,"column":13},"end":{"line":6,"column":null}}},"fnMap":{},"branchMap":{},"s":{"0":1,"1":1},"f":{},"b":{}}
,"/home/mueller/Projects/buzzvel/quickcard/frontend/src/services/getDeviceDimensions.ts": {"path":"/home/mueller/Projects/buzzvel/quickcard/frontend/src/services/getDeviceDimensions.ts","statementMap":{"0":{"start":{"line":1,"column":0},"end":{"line":1,"column":46}},"1":{"start":{"line":4,"column":16},"end":{"line":4,"column":28}},"2":{"start":{"line":6,"column":1},"end":{"line":8,"column":null}},"3":{"start":{"line":7,"column":2},"end":{"line":7,"column":null}},"4":{"start":{"line":10,"column":1},"end":{"line":10,"column":null}},"5":{"start":{"line":3,"column":0},"end":{"line":3,"column":16}}},"fnMap":{"0":{"name":"getDeviceDimensions","decl":{"start":{"line":3,"column":16},"end":{"line":3,"column":35}},"loc":{"start":{"line":3,"column":47},"end":{"line":11,"column":1}}}},"branchMap":{"0":{"loc":{"start":{"line":6,"column":1},"end":{"line":8,"column":null}},"type":"if","locations":[{"start":{"line":6,"column":1},"end":{"line":8,"column":null}}]}},"s":{"0":1,"1":0,"2":0,"3":0,"4":0,"5":1},"f":{"0":0},"b":{"0":[0]}}
,"/home/mueller/Projects/buzzvel/quickcard/frontend/src/services/html2Canvas.ts": {"path":"/home/mueller/Projects/buzzvel/quickcard/frontend/src/services/html2Canvas.ts","statementMap":{"0":{"start":{"line":1,"column":0},"end":{"line":1,"column":37}},"1":{"start":{"line":3,"column":27},"end":{"line":20,"column":1}},"2":{"start":{"line":4,"column":18},"end":{"line":4,"column":36}},"3":{"start":{"line":6,"column":2},"end":{"line":8,"column":null}},"4":{"start":{"line":7,"column":4},"end":{"line":7,"column":null}},"5":{"start":{"line":10,"column":17},"end":{"line":10,"column":43}},"6":{"start":{"line":12,"column":14},"end":{"line":12,"column":32}},"7":{"start":{"line":13,"column":15},"end":{"line":13,"column":42}},"8":{"start":{"line":15,"column":2},"end":{"line":15,"column":null}},"9":{"start":{"line":16,"column":2},"end":{"line":16,"column":null}},"10":{"start":{"line":17,"column":2},"end":{"line":17,"column":null}},"11":{"start":{"line":18,"column":2},"end":{"line":18,"column":null}},"12":{"start":{"line":19,"column":2},"end":{"line":19,"column":null}},"13":{"start":{"line":3,"column":13},"end":{"line":3,"column":27}}},"fnMap":{"0":{"name":"(anonymous_0)","decl":{"start":{"line":3,"column":27},"end":{"line":3,"column":32}},"loc":{"start":{"line":3,"column":95},"end":{"line":20,"column":1}}}},"branchMap":{"0":{"loc":{"start":{"line":6,"column":2},"end":{"line":8,"column":null}},"type":"if","locations":[{"start":{"line":6,"column":2},"end":{"line":8,"column":null}}]}},"s":{"0":1,"1":1,"2":0,"3":0,"4":0,"5":0,"6":0,"7":0,"8":0,"9":0,"10":0,"11":0,"12":0,"13":1},"f":{"0":0},"b":{"0":[0]}}
,"/home/mueller/Projects/buzzvel/quickcard/frontend/src/services/queryClient.ts": {"path":"/home/mueller/Projects/buzzvel/quickcard/frontend/src/services/queryClient.ts","statementMap":{"0":{"start":{"line":1,"column":0},"end":{"line":1,"column":41}},"1":{"start":{"line":3,"column":13},"end":{"line":3,"column":null}}},"fnMap":{},"branchMap":{},"s":{"0":0,"1":0},"f":{},"b":{}}
,"/home/mueller/Projects/buzzvel/quickcard/frontend/src/services/quickCardApi.ts": {"path":"/home/mueller/Projects/buzzvel/quickcard/frontend/src/services/quickCardApi.ts","statementMap":{"0":{"start":{"line":1,"column":0},"end":{"line":1,"column":51}},"1":{"start":{"line":4,"column":41},"end":{"line":12,"column":1}},"2":{"start":{"line":5,"column":19},"end":{"line":9,"column":4}},"3":{"start":{"line":11,"column":2},"end":{"line":11,"column":null}},"4":{"start":{"line":4,"column":13},"end":{"line":4,"column":41}}},"fnMap":{"0":{"name":"(anonymous_0)","decl":{"start":{"line":4,"column":41},"end":{"line":4,"column":46}},"loc":{"start":{"line":4,"column":74},"end":{"line":12,"column":1}}}},"branchMap":{},"s":{"0":1,"1":1,"2":0,"3":0,"4":1},"f":{"0":0},"b":{}}
}
